  main.cpp
A:\Ycheba\Ali\OOP\Lab4\Project1\Project1\main.cpp(47,38): warning C4018: <: несоответствие типов со знаком и без знака
A:\Ycheba\Ali\OOP\Lab4\Project1\Project1\main.cpp(33): message : во время компиляции функции-члена класс шаблон "void MySet<int>::insert(T)"
          with
          [
              T=int
          ]
A:\Ycheba\Ali\OOP\Lab4\Project1\Project1\main.cpp(146): message : выполняется компиляция ссылки на экземпляр шаблон функции "void MySet<int>::insert(T)"
          with
          [
              T=int
          ]
A:\Ycheba\Ali\OOP\Lab4\Project1\Project1\main.cpp(142): message : выполняется компиляция ссылки на экземпляр класс шаблон функции "MySet<int>"
A:\Ycheba\Ali\OOP\Lab4\Project1\Project1\main.cpp(66,30): warning C4018: <: несоответствие типов со знаком и без знака
A:\Ycheba\Ali\OOP\Lab4\Project1\Project1\main.cpp(61): message : во время компиляции функции-члена класс шаблон "void MySet<int>::erase(T)"
          with
          [
              T=int
          ]
A:\Ycheba\Ali\OOP\Lab4\Project1\Project1\main.cpp(113): message : выполняется компиляция ссылки на экземпляр шаблон функции "void MySet<int>::erase(T)"
          with
          [
              T=int
          ]
A:\Ycheba\Ali\OOP\Lab4\Project1\Project1\main.cpp(23,30): warning C4018: <: несоответствие типов со знаком и без знака
A:\Ycheba\Ali\OOP\Lab4\Project1\Project1\main.cpp(22): message : во время компиляции функции-члена класс шаблон "bool MySet<int>::check(T)"
          with
          [
              T=int
          ]
A:\Ycheba\Ali\OOP\Lab4\Project1\Project1\main.cpp(42): message : выполняется компиляция ссылки на экземпляр шаблон функции "bool MySet<int>::check(T)"
          with
          [
              T=int
          ]
A:\Ycheba\Ali\OOP\Lab4\Project1\Project1\main.cpp(107): warning C4172: возвращение адреса локальной или временной переменной : copy
  Project1.vcxproj -> A:\Ycheba\Ali\OOP\Lab4\Project1\Debug\Project1.exe
