  Lab5.cpp
A:\Ycheba\Ali\OOP\Lab5\Lab5\Lab5.cpp(34,46): warning C4244: +=: преобразование "double" в "float", возможна потеря данных
A:\Ycheba\Ali\OOP\Lab5\Lab5\Lab5.cpp(49,13): warning C4244: инициализация: преобразование "float" в "int", возможна потеря данных
A:\Ycheba\Ali\OOP\Lab5\Lab5\Lab5.cpp(74,25): warning C4244: +=: преобразование "float" в "int", возможна потеря данных
A:\Ycheba\Ali\OOP\Lab5\Lab5\Lab5.cpp(127,38): warning C4018: <: несоответствие типов со знаком и без знака
A:\Ycheba\Ali\OOP\Lab5\Lab5\Lab5.cpp(113): message : во время компиляции функции-члена класс шаблон "void MySet<int>::insert(T)"
          with
          [
              T=int
          ]
A:\Ycheba\Ali\OOP\Lab5\Lab5\Lab5.cpp(234): message : выполняется компиляция ссылки на экземпляр шаблон функции "void MySet<int>::insert(T)"
          with
          [
              T=int
          ]
A:\Ycheba\Ali\OOP\Lab5\Lab5\Lab5.cpp(230): message : выполняется компиляция ссылки на экземпляр класс шаблон функции "MySet<int>"
A:\Ycheba\Ali\OOP\Lab5\Lab5\Lab5.cpp(148,30): warning C4018: <: несоответствие типов со знаком и без знака
A:\Ycheba\Ali\OOP\Lab5\Lab5\Lab5.cpp(141): message : во время компиляции функции-члена класс шаблон "void MySet<int>::erase(T)"
          with
          [
              T=int
          ]
A:\Ycheba\Ali\OOP\Lab5\Lab5\Lab5.cpp(198): message : выполняется компиляция ссылки на экземпляр шаблон функции "void MySet<int>::erase(T)"
          with
          [
              T=int
          ]
A:\Ycheba\Ali\OOP\Lab5\Lab5\Lab5.cpp(103,30): warning C4018: <: несоответствие типов со знаком и без знака
A:\Ycheba\Ali\OOP\Lab5\Lab5\Lab5.cpp(102): message : во время компиляции функции-члена класс шаблон "bool MySet<int>::check(T)"
          with
          [
              T=int
          ]
A:\Ycheba\Ali\OOP\Lab5\Lab5\Lab5.cpp(122): message : выполняется компиляция ссылки на экземпляр шаблон функции "bool MySet<int>::check(T)"
          with
          [
              T=int
          ]
A:\Ycheba\Ali\OOP\Lab5\Lab5\Lab5.cpp(189): warning C4172: возвращение адреса локальной или временной переменной : copy
  Lab5.vcxproj -> A:\Ycheba\Ali\OOP\Lab5\Debug\Lab5.exe
